<?xml version="1.0" encoding="UTF-8"?>
<testsuite name="com.example.jenkins_tests.simple.DisabledTests" tests="2" skipped="2" failures="0" errors="0" timestamp="2024-08-23T16:53:18" hostname="MacBook-Air.lan" time="0.002">
  <properties/>
  <testcase name="test1()" classname="com.example.jenkins_tests.simple.DisabledTests" time="0.0">
    <skipped/>
  </testcase>
  <testcase name="test2()" classname="com.example.jenkins_tests.simple.DisabledTests" time="0.0">
    <skipped/>
  </testcase>
  <system-out><![CDATA[]]></system-out>
  <system-err><![CDATA[]]></system-err>
</testsuite>
