<?xml version="1.0" encoding="UTF-8"?>
<testsuite name="com.example.jenkins_tests.simple.positiveTests" tests="10" skipped="0" failures="0" errors="0" timestamp="2024-08-23T16:53:18" hostname="MacBook-Air.lan" time="0.017">
  <properties/>
  <testcase name="test10()" classname="com.example.jenkins_tests.simple.positiveTests" time="0.001"/>
  <testcase name="test1()" classname="com.example.jenkins_tests.simple.positiveTests" time="0.001"/>
  <testcase name="test2()" classname="com.example.jenkins_tests.simple.positiveTests" time="0.001"/>
  <testcase name="test3()" classname="com.example.jenkins_tests.simple.positiveTests" time="0.001"/>
  <testcase name="test4()" classname="com.example.jenkins_tests.simple.positiveTests" time="0.001"/>
  <testcase name="test5()" classname="com.example.jenkins_tests.simple.positiveTests" time="0.001"/>
  <testcase name="test6()" classname="com.example.jenkins_tests.simple.positiveTests" time="0.001"/>
  <testcase name="test7()" classname="com.example.jenkins_tests.simple.positiveTests" time="0.0"/>
  <testcase name="test8()" classname="com.example.jenkins_tests.simple.positiveTests" time="0.002"/>
  <testcase name="test9()" classname="com.example.jenkins_tests.simple.positiveTests" time="0.0"/>
  <system-out><![CDATA[]]></system-out>
  <system-err><![CDATA[]]></system-err>
</testsuite>
